2025-10-25 11:15:09,267 - SwashModelWrapper_ondas - INFO - Setting self.num_workers to 1. Change it using self.set_num_processors_to_use method.
2025-10-25 11:15:09,268 - SwashModelWrapper_ondas - INFO - Parameter Hs has the correct type: {'type': <class 'float'>, 'value': None, 'description': 'Significant wave height.'}
2025-10-25 11:15:09,268 - SwashModelWrapper_ondas - INFO - Parameter Hs_L0 has the correct type: {'type': <class 'float'>, 'value': None, 'description': 'Wave height at deep water.'}
2025-10-25 11:15:09,268 - SwashModelWrapper_ondas - INFO - Parameter WL has the correct type: {'type': <class 'float'>, 'value': None, 'description': 'Water level.'}
2025-10-25 11:15:09,268 - SwashModelWrapper_ondas - INFO - Templates name is 'all', so all templates in /workspaces/ONDAS_Swash/templates will be used.
2025-10-25 11:15:09,268 - SwashModelWrapper_ondas - INFO - Templates names: ['INPUT']
2025-10-25 11:15:23,659 - SwashModelWrapper_ondas - INFO - 1 cases created in one_by_one mode and saved in /workspaces/ONDAS_Swash/cases
2025-10-25 11:15:23,659 - SwashModelWrapper_ondas - INFO - SBATCH example file generated in /workspaces/ONDAS_Swash/cases
2025-10-25 11:20:09,653 - SwashModelWrapper_ondas - INFO - Setting self.num_workers to 1. Change it using self.set_num_processors_to_use method.
2025-10-25 11:20:09,653 - SwashModelWrapper_ondas - INFO - Parameter Hs has the correct type: {'type': <class 'float'>, 'value': None, 'description': 'Significant wave height.'}
2025-10-25 11:20:09,653 - SwashModelWrapper_ondas - INFO - Parameter Hs_L0 has the correct type: {'type': <class 'float'>, 'value': None, 'description': 'Wave height at deep water.'}
2025-10-25 11:20:09,653 - SwashModelWrapper_ondas - INFO - Parameter WL has the correct type: {'type': <class 'float'>, 'value': None, 'description': 'Water level.'}
2025-10-25 11:20:09,653 - SwashModelWrapper_ondas - INFO - Templates name is 'all', so all templates in /workspaces/ONDAS_Swash/templates will be used.
2025-10-25 11:20:09,653 - SwashModelWrapper_ondas - INFO - Templates names: ['templates_test/INPUT']
2025-10-25 11:20:55,880 - SwashModelWrapper_ondas - INFO - Setting self.num_workers to 1. Change it using self.set_num_processors_to_use method.
2025-10-25 11:20:55,880 - SwashModelWrapper_ondas - INFO - Parameter Hs has the correct type: {'type': <class 'float'>, 'value': None, 'description': 'Significant wave height.'}
2025-10-25 11:20:55,881 - SwashModelWrapper_ondas - INFO - Parameter Hs_L0 has the correct type: {'type': <class 'float'>, 'value': None, 'description': 'Wave height at deep water.'}
2025-10-25 11:20:55,881 - SwashModelWrapper_ondas - INFO - Parameter WL has the correct type: {'type': <class 'float'>, 'value': None, 'description': 'Water level.'}
2025-10-25 11:20:55,881 - SwashModelWrapper_ondas - INFO - Templates name is 'all', so all templates in /workspaces/ONDAS_Swash/templates/templates_test will be used.
2025-10-25 11:20:55,881 - SwashModelWrapper_ondas - INFO - Templates names: ['INPUT']
2025-10-25 11:20:56,235 - SwashModelWrapper_ondas - INFO - 1 cases created in one_by_one mode and saved in /workspaces/ONDAS_Swash/cases
2025-10-25 11:20:56,235 - SwashModelWrapper_ondas - INFO - SBATCH example file generated in /workspaces/ONDAS_Swash/cases
2025-10-25 11:20:57,027 - SwashModelWrapper_ondas - INFO - Running case in /workspaces/ONDAS_Swash/cases/test with launcher=swash_serial.exe.
2025-10-25 11:21:08,574 - SwashModelWrapper_ondas - INFO - All cases executed.
2025-10-25 11:21:08,582 - SwashModelWrapper_ondas - INFO - [0]: Postprocessing case 0 in /workspaces/ONDAS_Swash/cases/test.
2025-10-25 11:21:12,374 - SwashModelWrapper_ondas - INFO - [0]: Creating new output_postprocessed.nc file from output.nc.
2025-10-25 11:34:14,035 - SwashModelWrapper_ondas - INFO - Setting self.num_workers to 1. Change it using self.set_num_processors_to_use method.
2025-10-25 11:34:14,035 - SwashModelWrapper_ondas - INFO - Parameter Hs has the correct type: {'type': <class 'float'>, 'value': None, 'description': 'Significant wave height.'}
2025-10-25 11:34:14,037 - SwashModelWrapper_ondas - INFO - Parameter Hs_L0 has the correct type: {'type': <class 'float'>, 'value': None, 'description': 'Wave height at deep water.'}
2025-10-25 11:34:14,037 - SwashModelWrapper_ondas - INFO - Parameter WL has the correct type: {'type': <class 'float'>, 'value': None, 'description': 'Water level.'}
2025-10-25 11:34:14,037 - SwashModelWrapper_ondas - INFO - Templates name is 'all', so all templates in /workspaces/ONDAS_Swash/templates/templates_test will be used.
2025-10-25 11:34:14,037 - SwashModelWrapper_ondas - INFO - Templates names: ['INPUT']
2025-10-25 11:34:14,072 - SwashModelWrapper_ondas - INFO - 1 cases created in one_by_one mode and saved in /workspaces/ONDAS_Swash/cases
2025-10-25 11:34:14,072 - SwashModelWrapper_ondas - INFO - SBATCH example file generated in /workspaces/ONDAS_Swash/cases
2025-10-25 11:34:14,082 - SwashModelWrapper_ondas - INFO - Running case in /workspaces/ONDAS_Swash/cases/test with launcher=swash_serial.exe.
2025-10-25 11:34:54,680 - SwashModelWrapper_ondas - INFO - Setting self.num_workers to 1. Change it using self.set_num_processors_to_use method.
2025-10-25 11:34:54,680 - SwashModelWrapper_ondas - INFO - Parameter Hs has the correct type: {'type': <class 'float'>, 'value': None, 'description': 'Significant wave height.'}
2025-10-25 11:34:54,680 - SwashModelWrapper_ondas - INFO - Parameter Hs_L0 has the correct type: {'type': <class 'float'>, 'value': None, 'description': 'Wave height at deep water.'}
2025-10-25 11:34:54,680 - SwashModelWrapper_ondas - INFO - Parameter WL has the correct type: {'type': <class 'float'>, 'value': None, 'description': 'Water level.'}
2025-10-25 11:34:54,680 - SwashModelWrapper_ondas - INFO - Templates name is 'all', so all templates in /workspaces/ONDAS_Swash/templates/templates_test will be used.
2025-10-25 11:34:54,680 - SwashModelWrapper_ondas - INFO - Templates names: ['INPUT']
2025-10-25 11:34:54,698 - SwashModelWrapper_ondas - INFO - 1 cases created in one_by_one mode and saved in /workspaces/ONDAS_Swash/cases
2025-10-25 11:34:54,698 - SwashModelWrapper_ondas - INFO - SBATCH example file generated in /workspaces/ONDAS_Swash/cases
2025-10-25 11:34:54,705 - SwashModelWrapper_ondas - INFO - Running case in /workspaces/ONDAS_Swash/cases/test with launcher=swash_serial.exe.
2025-10-25 11:35:32,804 - SwashModelWrapper_ondas - INFO - All cases executed.
2025-10-25 11:35:32,811 - SwashModelWrapper_ondas - INFO - [0]: Postprocessing case 0 in /workspaces/ONDAS_Swash/cases/test.
2025-10-25 11:35:38,584 - SwashModelWrapper_ondas - INFO - [0]: Creating new output_postprocessed.nc file from output.nc.
